mode: set
github.com/Alterra-DataOn-Kelompok-5/reservation-service/internal/app/reservation_status/route.go:10.40,17.2 5 0
github.com/Alterra-DataOn-Kelompok-5/reservation-service/internal/app/reservation_status/service.go:27.45,31.2 1 1
github.com/Alterra-DataOn-Kelompok-5/reservation-service/internal/app/reservation_status/service.go:33.145,35.16 2 1
github.com/Alterra-DataOn-Kelompok-5/reservation-service/internal/app/reservation_status/service.go:39.2,41.31 2 1
github.com/Alterra-DataOn-Kelompok-5/reservation-service/internal/app/reservation_status/service.go:49.2,53.20 4 1
github.com/Alterra-DataOn-Kelompok-5/reservation-service/internal/app/reservation_status/service.go:35.16,37.3 1 0
github.com/Alterra-DataOn-Kelompok-5/reservation-service/internal/app/reservation_status/service.go:41.31,47.3 1 1
github.com/Alterra-DataOn-Kelompok-5/reservation-service/internal/app/reservation_status/service.go:55.118,58.16 3 1
github.com/Alterra-DataOn-Kelompok-5/reservation-service/internal/app/reservation_status/service.go:65.2,68.21 3 1
github.com/Alterra-DataOn-Kelompok-5/reservation-service/internal/app/reservation_status/service.go:58.16,59.39 1 1
github.com/Alterra-DataOn-Kelompok-5/reservation-service/internal/app/reservation_status/service.go:62.3,62.105 1 0
github.com/Alterra-DataOn-Kelompok-5/reservation-service/internal/app/reservation_status/service.go:59.39,61.4 1 1
github.com/Alterra-DataOn-Kelompok-5/reservation-service/internal/app/reservation_status/service.go:71.135,74.16 3 1
github.com/Alterra-DataOn-Kelompok-5/reservation-service/internal/app/reservation_status/service.go:77.2,77.13 1 1
github.com/Alterra-DataOn-Kelompok-5/reservation-service/internal/app/reservation_status/service.go:81.2,82.16 2 1
github.com/Alterra-DataOn-Kelompok-5/reservation-service/internal/app/reservation_status/service.go:86.2,89.21 3 1
github.com/Alterra-DataOn-Kelompok-5/reservation-service/internal/app/reservation_status/service.go:74.16,76.3 1 0
github.com/Alterra-DataOn-Kelompok-5/reservation-service/internal/app/reservation_status/service.go:77.13,79.3 1 1
github.com/Alterra-DataOn-Kelompok-5/reservation-service/internal/app/reservation_status/service.go:82.16,84.3 1 0
github.com/Alterra-DataOn-Kelompok-5/reservation-service/internal/app/reservation_status/service.go:92.140,94.16 2 1
github.com/Alterra-DataOn-Kelompok-5/reservation-service/internal/app/reservation_status/service.go:101.2,102.16 2 1
github.com/Alterra-DataOn-Kelompok-5/reservation-service/internal/app/reservation_status/service.go:105.2,109.21 4 1
github.com/Alterra-DataOn-Kelompok-5/reservation-service/internal/app/reservation_status/service.go:94.16,95.39 1 1
github.com/Alterra-DataOn-Kelompok-5/reservation-service/internal/app/reservation_status/service.go:98.3,98.105 1 0
github.com/Alterra-DataOn-Kelompok-5/reservation-service/internal/app/reservation_status/service.go:95.39,97.4 1 1
github.com/Alterra-DataOn-Kelompok-5/reservation-service/internal/app/reservation_status/service.go:102.16,104.3 1 0
github.com/Alterra-DataOn-Kelompok-5/reservation-service/internal/app/reservation_status/handler.go:19.46,23.2 1 1
github.com/Alterra-DataOn-Kelompok-5/reservation-service/internal/app/reservation_status/handler.go:25.45,28.16 3 1
github.com/Alterra-DataOn-Kelompok-5/reservation-service/internal/app/reservation_status/handler.go:32.2,33.40 2 1
github.com/Alterra-DataOn-Kelompok-5/reservation-service/internal/app/reservation_status/handler.go:37.2,37.44 1 1
github.com/Alterra-DataOn-Kelompok-5/reservation-service/internal/app/reservation_status/handler.go:41.2,42.16 2 1
github.com/Alterra-DataOn-Kelompok-5/reservation-service/internal/app/reservation_status/handler.go:46.2,46.123 1 1
github.com/Alterra-DataOn-Kelompok-5/reservation-service/internal/app/reservation_status/handler.go:28.16,30.3 1 1
github.com/Alterra-DataOn-Kelompok-5/reservation-service/internal/app/reservation_status/handler.go:33.40,35.3 1 1
github.com/Alterra-DataOn-Kelompok-5/reservation-service/internal/app/reservation_status/handler.go:37.44,39.3 1 0
github.com/Alterra-DataOn-Kelompok-5/reservation-service/internal/app/reservation_status/handler.go:42.16,44.3 1 0
github.com/Alterra-DataOn-Kelompok-5/reservation-service/internal/app/reservation_status/handler.go:49.49,52.16 3 1
github.com/Alterra-DataOn-Kelompok-5/reservation-service/internal/app/reservation_status/handler.go:56.2,57.40 2 1
github.com/Alterra-DataOn-Kelompok-5/reservation-service/internal/app/reservation_status/handler.go:60.2,60.44 1 1
github.com/Alterra-DataOn-Kelompok-5/reservation-service/internal/app/reservation_status/handler.go:64.2,65.16 2 1
github.com/Alterra-DataOn-Kelompok-5/reservation-service/internal/app/reservation_status/handler.go:69.2,69.44 1 1
github.com/Alterra-DataOn-Kelompok-5/reservation-service/internal/app/reservation_status/handler.go:52.16,54.3 1 1
github.com/Alterra-DataOn-Kelompok-5/reservation-service/internal/app/reservation_status/handler.go:57.40,59.3 1 1
github.com/Alterra-DataOn-Kelompok-5/reservation-service/internal/app/reservation_status/handler.go:60.44,62.3 1 0
github.com/Alterra-DataOn-Kelompok-5/reservation-service/internal/app/reservation_status/handler.go:65.16,67.3 1 1
github.com/Alterra-DataOn-Kelompok-5/reservation-service/internal/app/reservation_status/handler.go:72.52,75.60 3 1
github.com/Alterra-DataOn-Kelompok-5/reservation-service/internal/app/reservation_status/handler.go:79.2,80.40 2 1
github.com/Alterra-DataOn-Kelompok-5/reservation-service/internal/app/reservation_status/handler.go:83.2,83.44 1 1
github.com/Alterra-DataOn-Kelompok-5/reservation-service/internal/app/reservation_status/handler.go:86.2,87.16 2 1
github.com/Alterra-DataOn-Kelompok-5/reservation-service/internal/app/reservation_status/handler.go:91.2,91.44 1 1
github.com/Alterra-DataOn-Kelompok-5/reservation-service/internal/app/reservation_status/handler.go:75.60,77.3 1 1
github.com/Alterra-DataOn-Kelompok-5/reservation-service/internal/app/reservation_status/handler.go:80.40,82.3 1 1
github.com/Alterra-DataOn-Kelompok-5/reservation-service/internal/app/reservation_status/handler.go:83.44,85.3 1 0
github.com/Alterra-DataOn-Kelompok-5/reservation-service/internal/app/reservation_status/handler.go:87.16,89.3 1 1
github.com/Alterra-DataOn-Kelompok-5/reservation-service/internal/app/reservation_status/handler.go:116.48,119.60 3 1
github.com/Alterra-DataOn-Kelompok-5/reservation-service/internal/app/reservation_status/handler.go:123.2,124.40 2 1
github.com/Alterra-DataOn-Kelompok-5/reservation-service/internal/app/reservation_status/handler.go:127.2,127.44 1 1
github.com/Alterra-DataOn-Kelompok-5/reservation-service/internal/app/reservation_status/handler.go:131.2,132.16 2 1
github.com/Alterra-DataOn-Kelompok-5/reservation-service/internal/app/reservation_status/handler.go:136.2,136.46 1 1
github.com/Alterra-DataOn-Kelompok-5/reservation-service/internal/app/reservation_status/handler.go:119.60,121.3 1 1
github.com/Alterra-DataOn-Kelompok-5/reservation-service/internal/app/reservation_status/handler.go:124.40,126.3 1 0
github.com/Alterra-DataOn-Kelompok-5/reservation-service/internal/app/reservation_status/handler.go:127.44,129.3 1 1
github.com/Alterra-DataOn-Kelompok-5/reservation-service/internal/app/reservation_status/handler.go:132.16,134.3 1 1
github.com/Alterra-DataOn-Kelompok-5/reservation-service/internal/app/reservations/service.go:27.45,31.2 1 1
github.com/Alterra-DataOn-Kelompok-5/reservation-service/internal/app/reservations/service.go:33.145,35.16 2 1
github.com/Alterra-DataOn-Kelompok-5/reservation-service/internal/app/reservations/service.go:39.2,41.43 2 1
github.com/Alterra-DataOn-Kelompok-5/reservation-service/internal/app/reservations/service.go:61.2,65.20 4 1
github.com/Alterra-DataOn-Kelompok-5/reservation-service/internal/app/reservations/service.go:35.16,37.3 1 0
github.com/Alterra-DataOn-Kelompok-5/reservation-service/internal/app/reservations/service.go:41.43,59.3 1 1
github.com/Alterra-DataOn-Kelompok-5/reservation-service/internal/app/reservations/service.go:67.118,69.16 2 1
github.com/Alterra-DataOn-Kelompok-5/reservation-service/internal/app/reservations/service.go:76.2,93.20 2 1
github.com/Alterra-DataOn-Kelompok-5/reservation-service/internal/app/reservations/service.go:69.16,70.39 1 1
github.com/Alterra-DataOn-Kelompok-5/reservation-service/internal/app/reservations/service.go:73.3,73.105 1 0
github.com/Alterra-DataOn-Kelompok-5/reservation-service/internal/app/reservations/service.go:70.39,72.4 1 1
github.com/Alterra-DataOn-Kelompok-5/reservation-service/internal/app/reservations/service.go:96.129,98.16 2 1
github.com/Alterra-DataOn-Kelompok-5/reservation-service/internal/app/reservations/service.go:101.2,101.13 1 1
github.com/Alterra-DataOn-Kelompok-5/reservation-service/internal/app/reservations/service.go:105.2,106.16 2 1
github.com/Alterra-DataOn-Kelompok-5/reservation-service/internal/app/reservations/service.go:109.2,109.20 1 1
github.com/Alterra-DataOn-Kelompok-5/reservation-service/internal/app/reservations/service.go:113.2,114.16 2 1
github.com/Alterra-DataOn-Kelompok-5/reservation-service/internal/app/reservations/service.go:118.2,119.16 2 1
github.com/Alterra-DataOn-Kelompok-5/reservation-service/internal/app/reservations/service.go:126.2,143.20 2 1
github.com/Alterra-DataOn-Kelompok-5/reservation-service/internal/app/reservations/service.go:98.16,100.3 1 0
github.com/Alterra-DataOn-Kelompok-5/reservation-service/internal/app/reservations/service.go:101.13,103.3 1 1
github.com/Alterra-DataOn-Kelompok-5/reservation-service/internal/app/reservations/service.go:106.16,108.3 1 0
github.com/Alterra-DataOn-Kelompok-5/reservation-service/internal/app/reservations/service.go:109.20,111.3 1 0
github.com/Alterra-DataOn-Kelompok-5/reservation-service/internal/app/reservations/service.go:114.16,116.3 1 0
github.com/Alterra-DataOn-Kelompok-5/reservation-service/internal/app/reservations/service.go:119.16,120.39 1 0
github.com/Alterra-DataOn-Kelompok-5/reservation-service/internal/app/reservations/service.go:123.3,123.105 1 0
github.com/Alterra-DataOn-Kelompok-5/reservation-service/internal/app/reservations/service.go:120.39,122.4 1 0
github.com/Alterra-DataOn-Kelompok-5/reservation-service/internal/app/reservations/service.go:146.134,148.16 2 1
github.com/Alterra-DataOn-Kelompok-5/reservation-service/internal/app/reservations/service.go:155.2,156.16 2 1
github.com/Alterra-DataOn-Kelompok-5/reservation-service/internal/app/reservations/service.go:160.2,178.20 2 1
github.com/Alterra-DataOn-Kelompok-5/reservation-service/internal/app/reservations/service.go:148.16,149.39 1 1
github.com/Alterra-DataOn-Kelompok-5/reservation-service/internal/app/reservations/service.go:152.3,152.105 1 0
github.com/Alterra-DataOn-Kelompok-5/reservation-service/internal/app/reservations/service.go:149.39,151.4 1 1
github.com/Alterra-DataOn-Kelompok-5/reservation-service/internal/app/reservations/service.go:156.16,158.3 1 0
github.com/Alterra-DataOn-Kelompok-5/reservation-service/internal/app/reservations/handler.go:20.46,24.2 1 1
github.com/Alterra-DataOn-Kelompok-5/reservation-service/internal/app/reservations/handler.go:26.45,29.16 3 1
github.com/Alterra-DataOn-Kelompok-5/reservation-service/internal/app/reservations/handler.go:35.2,36.40 2 1
github.com/Alterra-DataOn-Kelompok-5/reservation-service/internal/app/reservations/handler.go:40.2,40.44 1 1
github.com/Alterra-DataOn-Kelompok-5/reservation-service/internal/app/reservations/handler.go:44.2,45.16 2 1
github.com/Alterra-DataOn-Kelompok-5/reservation-service/internal/app/reservations/handler.go:49.2,49.121 1 1
github.com/Alterra-DataOn-Kelompok-5/reservation-service/internal/app/reservations/handler.go:29.16,31.3 1 1
github.com/Alterra-DataOn-Kelompok-5/reservation-service/internal/app/reservations/handler.go:36.40,38.3 1 1
github.com/Alterra-DataOn-Kelompok-5/reservation-service/internal/app/reservations/handler.go:40.44,42.3 1 0
github.com/Alterra-DataOn-Kelompok-5/reservation-service/internal/app/reservations/handler.go:45.16,47.3 1 0
github.com/Alterra-DataOn-Kelompok-5/reservation-service/internal/app/reservations/handler.go:52.49,55.16 3 1
github.com/Alterra-DataOn-Kelompok-5/reservation-service/internal/app/reservations/handler.go:61.2,62.40 2 1
github.com/Alterra-DataOn-Kelompok-5/reservation-service/internal/app/reservations/handler.go:65.2,65.44 1 1
github.com/Alterra-DataOn-Kelompok-5/reservation-service/internal/app/reservations/handler.go:69.2,70.16 2 1
github.com/Alterra-DataOn-Kelompok-5/reservation-service/internal/app/reservations/handler.go:74.2,74.44 1 1
github.com/Alterra-DataOn-Kelompok-5/reservation-service/internal/app/reservations/handler.go:55.16,57.3 1 1
github.com/Alterra-DataOn-Kelompok-5/reservation-service/internal/app/reservations/handler.go:62.40,64.3 1 1
github.com/Alterra-DataOn-Kelompok-5/reservation-service/internal/app/reservations/handler.go:65.44,67.3 1 0
github.com/Alterra-DataOn-Kelompok-5/reservation-service/internal/app/reservations/handler.go:70.16,72.3 1 1
github.com/Alterra-DataOn-Kelompok-5/reservation-service/internal/app/reservations/handler.go:77.48,80.16 3 1
github.com/Alterra-DataOn-Kelompok-5/reservation-service/internal/app/reservations/handler.go:86.2,87.40 2 1
github.com/Alterra-DataOn-Kelompok-5/reservation-service/internal/app/reservations/handler.go:90.2,90.44 1 1
github.com/Alterra-DataOn-Kelompok-5/reservation-service/internal/app/reservations/handler.go:93.2,96.16 3 1
github.com/Alterra-DataOn-Kelompok-5/reservation-service/internal/app/reservations/handler.go:100.2,100.42 1 1
github.com/Alterra-DataOn-Kelompok-5/reservation-service/internal/app/reservations/handler.go:80.16,82.3 1 0
github.com/Alterra-DataOn-Kelompok-5/reservation-service/internal/app/reservations/handler.go:87.40,89.3 1 0
github.com/Alterra-DataOn-Kelompok-5/reservation-service/internal/app/reservations/handler.go:90.44,92.3 1 1
github.com/Alterra-DataOn-Kelompok-5/reservation-service/internal/app/reservations/handler.go:96.16,98.3 1 1
github.com/Alterra-DataOn-Kelompok-5/reservation-service/internal/app/reservations/handler.go:103.52,112.40 6 1
github.com/Alterra-DataOn-Kelompok-5/reservation-service/internal/app/reservations/handler.go:115.2,115.44 1 1
github.com/Alterra-DataOn-Kelompok-5/reservation-service/internal/app/reservations/handler.go:119.2,121.40 2 1
github.com/Alterra-DataOn-Kelompok-5/reservation-service/internal/app/reservations/handler.go:125.2,126.16 2 1
github.com/Alterra-DataOn-Kelompok-5/reservation-service/internal/app/reservations/handler.go:130.2,130.44 1 1
github.com/Alterra-DataOn-Kelompok-5/reservation-service/internal/app/reservations/handler.go:112.40,114.3 1 1
github.com/Alterra-DataOn-Kelompok-5/reservation-service/internal/app/reservations/handler.go:115.44,117.3 1 0
github.com/Alterra-DataOn-Kelompok-5/reservation-service/internal/app/reservations/handler.go:121.40,123.3 1 1
github.com/Alterra-DataOn-Kelompok-5/reservation-service/internal/app/reservations/handler.go:126.16,128.3 1 1
github.com/Alterra-DataOn-Kelompok-5/reservation-service/internal/app/reservations/route.go:10.40,17.2 5 0
github.com/Alterra-DataOn-Kelompok-5/reservation-service/internal/pkg/util/jwttoken.go:20.57,22.44 2 1
github.com/Alterra-DataOn-Kelompok-5/reservation-service/internal/pkg/util/jwttoken.go:26.2,26.51 1 1
github.com/Alterra-DataOn-Kelompok-5/reservation-service/internal/pkg/util/jwttoken.go:22.44,25.3 2 1
github.com/Alterra-DataOn-Kelompok-5/reservation-service/internal/pkg/util/jwttoken.go:29.83,39.2 1 1
github.com/Alterra-DataOn-Kelompok-5/reservation-service/internal/pkg/util/jwttoken.go:41.59,44.2 2 1
github.com/Alterra-DataOn-Kelompok-5/reservation-service/internal/pkg/util/jwttoken.go:46.63,48.16 2 1
github.com/Alterra-DataOn-Kelompok-5/reservation-service/internal/pkg/util/jwttoken.go:51.2,51.84 1 1
github.com/Alterra-DataOn-Kelompok-5/reservation-service/internal/pkg/util/jwttoken.go:57.2,57.16 1 1
github.com/Alterra-DataOn-Kelompok-5/reservation-service/internal/pkg/util/jwttoken.go:60.2,60.67 1 1
github.com/Alterra-DataOn-Kelompok-5/reservation-service/internal/pkg/util/jwttoken.go:48.16,50.3 1 1
github.com/Alterra-DataOn-Kelompok-5/reservation-service/internal/pkg/util/jwttoken.go:51.84,52.95 1 1
github.com/Alterra-DataOn-Kelompok-5/reservation-service/internal/pkg/util/jwttoken.go:55.3,55.25 1 1
github.com/Alterra-DataOn-Kelompok-5/reservation-service/internal/pkg/util/jwttoken.go:52.95,54.4 1 1
github.com/Alterra-DataOn-Kelompok-5/reservation-service/internal/pkg/util/jwttoken.go:57.16,59.3 1 1
github.com/Alterra-DataOn-Kelompok-5/reservation-service/internal/pkg/util/jwttoken.go:60.67,62.17 2 1
github.com/Alterra-DataOn-Kelompok-5/reservation-service/internal/pkg/util/jwttoken.go:66.3,67.66 2 1
github.com/Alterra-DataOn-Kelompok-5/reservation-service/internal/pkg/util/jwttoken.go:71.3,71.28 1 1
github.com/Alterra-DataOn-Kelompok-5/reservation-service/internal/pkg/util/jwttoken.go:62.17,64.4 1 0
github.com/Alterra-DataOn-Kelompok-5/reservation-service/internal/pkg/util/jwttoken.go:67.66,69.4 1 0
github.com/Alterra-DataOn-Kelompok-5/reservation-service/internal/pkg/util/jwttoken.go:72.8,74.3 1 0
github.com/Alterra-DataOn-Kelompok-5/reservation-service/pkg/util/util.go:5.42,11.14 3 0
github.com/Alterra-DataOn-Kelompok-5/reservation-service/pkg/util/util.go:14.2,14.12 1 0
github.com/Alterra-DataOn-Kelompok-5/reservation-service/pkg/util/util.go:11.14,13.3 1 0
github.com/Alterra-DataOn-Kelompok-5/reservation-service/pkg/util/validator.go:14.58,15.47 1 0
github.com/Alterra-DataOn-Kelompok-5/reservation-service/pkg/util/validator.go:18.2,18.12 1 0
github.com/Alterra-DataOn-Kelompok-5/reservation-service/pkg/util/validator.go:15.47,17.3 1 0
github.com/Alterra-DataOn-Kelompok-5/reservation-service/pkg/util/hash.go:5.76,8.2 2 1
github.com/Alterra-DataOn-Kelompok-5/reservation-service/pkg/util/hash.go:10.69,13.2 2 1
